0 info it worked if it ends with ok
1 verbose cli [ '/usr/local/bin/node',
1 verbose cli   '/usr/local/bin/npm',
1 verbose cli   'install',
1 verbose cli   '../dist/cjs/handlebars' ]
2 info using npm@2.15.9
3 info using node@v4.6.1
4 verbose install initial load of /Users/tylersorensen/cogs120/Pholo/package.json
5 warn package.json pholo@1.0.0 No description
6 warn package.json pholo@1.0.0 No README data
7 verbose installManyTop reading scoped package data from /Users/tylersorensen/cogs120/Pholo/node_modules/express/package.json
8 verbose installManyTop reading scoped package data from /Users/tylersorensen/cogs120/Pholo/node_modules/express3-handlebars/package.json
9 verbose installManyTop reading scoped package data from /Users/tylersorensen/cogs120/Pholo/node_modules/instafeed.js/package.json
10 info package.json express3-handlebars@0.5.0 No license field.
11 info package.json instafeed.js@1.4.1 No license field.
12 verbose readDependencies loading dependencies from /Users/tylersorensen/cogs120/Pholo/package.json
13 silly cache add args [ '../dist/cjs/handlebars', null ]
14 verbose cache add spec ../dist/cjs/handlebars
15 silly cache add parsed spec Result {
15 silly cache add   raw: '../dist/cjs/handlebars',
15 silly cache add   scope: null,
15 silly cache add   name: null,
15 silly cache add   rawSpec: '../dist/cjs/handlebars',
15 silly cache add   spec: '/Users/tylersorensen/cogs120/dist/cjs/handlebars',
15 silly cache add   type: 'local' }
16 error addLocal Could not install /Users/tylersorensen/cogs120/dist/cjs/handlebars
17 verbose stack Error: ENOENT: no such file or directory, open '/Users/tylersorensen/cogs120/dist/cjs/handlebars'
17 verbose stack     at Error (native)
18 verbose cwd /Users/tylersorensen/cogs120/Pholo
19 error Darwin 16.1.0
20 error argv "/usr/local/bin/node" "/usr/local/bin/npm" "install" "../dist/cjs/handlebars"
21 error node v4.6.1
22 error npm  v2.15.9
23 error path /Users/tylersorensen/cogs120/dist/cjs/handlebars
24 error code ENOENT
25 error errno -2
26 error syscall open
27 error enoent ENOENT: no such file or directory, open '/Users/tylersorensen/cogs120/dist/cjs/handlebars'
27 error enoent This is most likely not a problem with npm itself
27 error enoent and is related to npm not being able to find a file.
28 verbose exit [ -2, true ]
